Dashboard check started at Tue Jan 14 10:41:51 EST 2025
[1/2] Running 'npm run lint'...
npm ERR! code EJSONPARSE
npm ERR! path /home/oxdev/qmcs/VOTS/nextjs_dashboard/package.json
npm ERR! JSON.parse Unexpected string in JSON at position 178 while parsing '{
npm ERR! JSON.parse   "name": "vots_dashboard",
npm ERR! JSON.parse   "version'
npm ERR! JSON.parse Failed to parse JSON data.
npm ERR! JSON.parse Note: package.json must be actual JSON, not just JavaScript.

npm ERR! A complete log of this run can be found in:
npm ERR!     /home/oxdev/.npm/_logs/2025-01-14T15_41_52_431Z-debug-0.log
[2/2] Running 'npm run build'...
npm ERR! code EJSONPARSE
npm ERR! path /home/oxdev/qmcs/VOTS/nextjs_dashboard/package.json
npm ERR! JSON.parse Unexpected string in JSON at position 178 while parsing '{
npm ERR! JSON.parse   "name": "vots_dashboard",
npm ERR! JSON.parse   "version'
npm ERR! JSON.parse Failed to parse JSON data.
npm ERR! JSON.parse Note: package.json must be actual JSON, not just JavaScript.

npm ERR! A complete log of this run can be found in:
npm ERR!     /home/oxdev/.npm/_logs/2025-01-14T15_41_53_278Z-debug-0.log
Dashboard check completed at Tue Jan 14 10:41:53 EST 2025
