Full Code Analysis started at Tue Jan 14 10:31:51 EST 2025

Gathering files, ignoring .git, node_modules, .venv...
 [PYTHON] Checking: ./v13_multiagent_selfimprove.py
   -> OK
 [PYTHON] Checking: ./v02.00_solana_autonomous_all_in_one.py
   -> OK
 [PYTHON] Checking: ./.envv13_multiagent_selfimprove.py
   -> OK
 [PYTHON] Checking: ./v01.11.02_autonomous_all_in_one.py
   -> OK
 [PYTHON] Checking: ./v12_synergy.py
   -> OK
 [PYTHON] Checking: ./v01.06_autonomous_all_in_one.py
   -> OK
 [PYTHON] Checking: ./v01.02_autonomous_all_in_one.py
   -> OK
 [PYTHON] Checking: ./v01.05_autonomous_all_in_one.py
   -> OK
 [PYTHON] Checking: ./python_agent/memory.py
   -> OK
 [PYTHON] Checking: ./python_agent/agent.py
   -> OK
 [PYTHON] Checking: ./v01.03_autonomous_all_in_one.py
   -> OK
 [PYTHON] Checking: ./v01.04_autonomous_all_in_one.py
   -> OK
 [RUST] Checking: ./rust_service_old/src/main.rs
error[E0433]: failed to resolve: use of undeclared crate or module `hyper`
 --> ./rust_service_old/src/main.rs:2:5
  |
2 | use hyper::service::{make_service_fn, service_fn};
  |     ^^^^^ use of undeclared crate or module `hyper`

error[E0432]: unresolved import `hyper`
 --> ./rust_service_old/src/main.rs:1:5
  |
1 | use hyper::{Body, Request, Response, Server};
  |     ^^^^^ use of undeclared crate or module `hyper`

error[E0433]: failed to resolve: use of undeclared crate or module `tokio`
  --> ./rust_service_old/src/main.rs:14:3
   |
14 | #[tokio::main]
   |   ^^^^^ use of undeclared crate or module `tokio`

error[E0752]: `main` function is not allowed to be `async`
  --> ./rust_service_old/src/main.rs:15:1
   |
15 | async fn main() -> Result<(), Box<dyn std::error::Error>> {
   | ^^^^^^^^^^^^^^^^^^^^^^^^^^^^^^^^^^^^^^^^^^^^^^^^^^^^^^^^^ `main` function is not allowed to be `async`

error: aborting due to 4 previous errors

Some errors have detailed explanations: E0432, E0433, E0752.
For more information about an error, try `rustc --explain E0432`.
   -> ERROR (see log for details)
 [PYTHON] Checking: ./venv/lib/python3.12/site-packages/pip/__pip-runner__.py
   -> OK
 [PYTHON] Checking: ./venv/lib/python3.12/site-packages/pip/__main__.py
   -> OK
 [PYTHON] Checking: ./venv/lib/python3.12/site-packages/pip/_vendor/requests/adapters.py
   -> OK
 [PYTHON] Checking: ./venv/lib/python3.12/site-packages/pip/_vendor/requests/packages.py
   -> OK
 [PYTHON] Checking: ./venv/lib/python3.12/site-packages/pip/_vendor/requests/api.py
   -> OK
 [PYTHON] Checking: ./venv/lib/python3.12/site-packages/pip/_vendor/requests/models.py
   -> OK
 [PYTHON] Checking: ./venv/lib/python3.12/site-packages/pip/_vendor/requests/compat.py
   -> OK
 [PYTHON] Checking: ./venv/lib/python3.12/site-packages/pip/_vendor/requests/__version__.py
   -> OK
 [PYTHON] Checking: ./venv/lib/python3.12/site-packages/pip/_vendor/requests/hooks.py
   -> OK
 [PYTHON] Checking: ./venv/lib/python3.12/site-packages/pip/_vendor/requests/utils.py
   -> OK
 [PYTHON] Checking: ./venv/lib/python3.12/site-packages/pip/_vendor/requests/auth.py
   -> OK
 [PYTHON] Checking: ./venv/lib/python3.12/site-packages/pip/_vendor/requests/certs.py
   -> OK
 [PYTHON] Checking: ./venv/lib/python3.12/site-packages/pip/_vendor/requests/structures.py
   -> OK
 [PYTHON] Checking: ./venv/lib/python3.12/site-packages/pip/_vendor/requests/status_codes.py
   -> OK
 [PYTHON] Checking: ./venv/lib/python3.12/site-packages/pip/_vendor/requests/_internal_utils.py
   -> OK
 [PYTHON] Checking: ./venv/lib/python3.12/site-packages/pip/_vendor/requests/cookies.py
   -> OK
 [PYTHON] Checking: ./venv/lib/python3.12/site-packages/pip/_vendor/requests/__init__.py
   -> OK
 [PYTHON] Checking: ./venv/lib/python3.12/site-packages/pip/_vendor/requests/exceptions.py
   -> OK
 [PYTHON] Checking: ./venv/lib/python3.12/site-packages/pip/_vendor/requests/sessions.py
   -> OK
 [PYTHON] Checking: ./venv/lib/python3.12/site-packages/pip/_vendor/requests/help.py
   -> OK
 [PYTHON] Checking: ./venv/lib/python3.12/site-packages/pip/_vendor/webencodings/labels.py
   -> OK
 [PYTHON] Checking: ./venv/lib/python3.12/site-packages/pip/_vendor/webencodings/tests.py
   -> OK
 [PYTHON] Checking: ./venv/lib/python3.12/site-packages/pip/_vendor/webencodings/mklabels.py
   -> OK
 [PYTHON] Checking: ./venv/lib/python3.12/site-packages/pip/_vendor/webencodings/__init__.py
   -> OK
 [PYTHON] Checking: ./venv/lib/python3.12/site-packages/pip/_vendor/webencodings/x_user_defined.py
   -> OK
 [PYTHON] Checking: ./venv/lib/python3.12/site-packages/pip/_vendor/urllib3/_collections.py
   -> OK
 [PYTHON] Checking: ./venv/lib/python3.12/site-packages/pip/_vendor/urllib3/contrib/_appengine_environ.py
   -> OK
 [PYTHON] Checking: ./venv/lib/python3.12/site-packages/pip/_vendor/urllib3/contrib/pyopenssl.py
   -> OK
 [PYTHON] Checking: ./venv/lib/python3.12/site-packages/pip/_vendor/urllib3/contrib/appengine.py
   -> OK
 [PYTHON] Checking: ./venv/lib/python3.12/site-packages/pip/_vendor/urllib3/contrib/ntlmpool.py
   -> OK
 [PYTHON] Checking: ./venv/lib/python3.12/site-packages/pip/_vendor/urllib3/contrib/socks.py
   -> OK
 [PYTHON] Checking: ./venv/lib/python3.12/site-packages/pip/_vendor/urllib3/contrib/__init__.py
   -> OK
 [PYTHON] Checking: ./venv/lib/python3.12/site-packages/pip/_vendor/urllib3/contrib/securetransport.py
   -> OK
 [PYTHON] Checking: ./venv/lib/python3.12/site-packages/pip/_vendor/urllib3/contrib/_securetransport/bindings.py
   -> OK
 [PYTHON] Checking: ./venv/lib/python3.12/site-packages/pip/_vendor/urllib3/contrib/_securetransport/__init__.py
   -> OK
 [PYTHON] Checking: ./venv/lib/python3.12/site-packages/pip/_vendor/urllib3/contrib/_securetransport/low_level.py
   -> OK
 [PYTHON] Checking: ./venv/lib/python3.12/site-packages/pip/_vendor/urllib3/util/proxy.py
   -> OK
 [PYTHON] Checking: ./venv/lib/python3.12/site-packages/pip/_vendor/urllib3/util/queue.py
   -> OK
 [PYTHON] Checking: ./venv/lib/python3.12/site-packages/pip/_vendor/urllib3/util/ssl_match_hostname.py
   -> OK
 [PYTHON] Checking: ./venv/lib/python3.12/site-packages/pip/_vendor/urllib3/util/ssl_.py
   -> OK
 [PYTHON] Checking: ./venv/lib/python3.12/site-packages/pip/_vendor/urllib3/util/response.py
   -> OK
 [PYTHON] Checking: ./venv/lib/python3.12/site-packages/pip/_vendor/urllib3/util/connection.py
   -> OK
 [PYTHON] Checking: ./venv/lib/python3.12/site-packages/pip/_vendor/urllib3/util/timeout.py
   -> OK
 [PYTHON] Checking: ./venv/lib/python3.12/site-packages/pip/_vendor/urllib3/util/ssltransport.py
   -> OK
 [PYTHON] Checking: ./venv/lib/python3.12/site-packages/pip/_vendor/urllib3/util/request.py
   -> OK
 [PYTHON] Checking: ./venv/lib/python3.12/site-packages/pip/_vendor/urllib3/util/__init__.py
   -> OK
 [PYTHON] Checking: ./venv/lib/python3.12/site-packages/pip/_vendor/urllib3/util/url.py
   -> OK
 [PYTHON] Checking: ./venv/lib/python3.12/site-packages/pip/_vendor/urllib3/util/wait.py
   -> OK
 [PYTHON] Checking: ./venv/lib/python3.12/site-packages/pip/_vendor/urllib3/util/retry.py
   -> OK
 [PYTHON] Checking: ./venv/lib/python3.12/site-packages/pip/_vendor/urllib3/fields.py
   -> OK
 [PYTHON] Checking: ./venv/lib/python3.12/site-packages/pip/_vendor/urllib3/response.py
   -> OK
 [PYTHON] Checking: ./venv/lib/python3.12/site-packages/pip/_vendor/urllib3/connection.py
   -> OK
 [PYTHON] Checking: ./venv/lib/python3.12/site-packages/pip/_vendor/urllib3/poolmanager.py
   -> OK
 [PYTHON] Checking: ./venv/lib/python3.12/site-packages/pip/_vendor/urllib3/_version.py
   -> OK
 [PYTHON] Checking: ./venv/lib/python3.12/site-packages/pip/_vendor/urllib3/request.py
   -> OK
 [PYTHON] Checking: ./venv/lib/python3.12/site-packages/pip/_vendor/urllib3/__init__.py
   -> OK
 [PYTHON] Checking: ./venv/lib/python3.12/site-packages/pip/_vendor/urllib3/exceptions.py
   -> OK
 [PYTHON] Checking: ./venv/lib/python3.12/site-packages/pip/_vendor/urllib3/packages/backports/weakref_finalize.py
   -> OK
 [PYTHON] Checking: ./venv/lib/python3.12/site-packages/pip/_vendor/urllib3/packages/backports/__init__.py
   -> OK
 [PYTHON] Checking: ./venv/lib/python3.12/site-packages/pip/_vendor/urllib3/packages/backports/makefile.py
   -> OK
 [PYTHON] Checking: ./venv/lib/python3.12/site-packages/pip/_vendor/urllib3/packages/__init__.py
   -> OK
 [PYTHON] Checking: ./venv/lib/python3.12/site-packages/pip/_vendor/urllib3/packages/six.py
   -> OK
 [PYTHON] Checking: ./venv/lib/python3.12/site-packages/pip/_vendor/urllib3/filepost.py
   -> OK
 [PYTHON] Checking: ./venv/lib/python3.12/site-packages/pip/_vendor/urllib3/connectionpool.py
   -> OK
 [PYTHON] Checking: ./venv/lib/python3.12/site-packages/pip/_vendor/pyproject_hooks/_in_process/_in_process.py
   -> OK
 [PYTHON] Checking: ./venv/lib/python3.12/site-packages/pip/_vendor/pyproject_hooks/_in_process/__init__.py
   -> OK
 [PYTHON] Checking: ./venv/lib/python3.12/site-packages/pip/_vendor/pyproject_hooks/_compat.py
   -> OK
 [PYTHON] Checking: ./venv/lib/python3.12/site-packages/pip/_vendor/pyproject_hooks/__init__.py
   -> OK
 [PYTHON] Checking: ./venv/lib/python3.12/site-packages/pip/_vendor/pyproject_hooks/_impl.py
   -> OK
 [PYTHON] Checking: ./venv/lib/python3.12/site-packages/pip/_vendor/cachecontrol/wrapper.py
   -> OK
 [PYTHON] Checking: ./venv/lib/python3.12/site-packages/pip/_vendor/cachecontrol/filewrapper.py
   -> OK
 [PYTHON] Checking: ./venv/lib/python3.12/site-packages/pip/_vendor/cachecontrol/serialize.py
   -> OK
 [PYTHON] Checking: ./venv/lib/python3.12/site-packages/pip/_vendor/cachecontrol/cache.py
   -> OK
 [PYTHON] Checking: ./venv/lib/python3.12/site-packages/pip/_vendor/cachecontrol/controller.py
   -> OK
 [PYTHON] Checking: ./venv/lib/python3.12/site-packages/pip/_vendor/cachecontrol/adapter.py
   -> OK
 [PYTHON] Checking: ./venv/lib/python3.12/site-packages/pip/_vendor/cachecontrol/heuristics.py
   -> OK
 [PYTHON] Checking: ./venv/lib/python3.12/site-packages/pip/_vendor/cachecontrol/caches/file_cache.py
   -> OK
 [PYTHON] Checking: ./venv/lib/python3.12/site-packages/pip/_vendor/cachecontrol/caches/__init__.py
   -> OK
 [PYTHON] Checking: ./venv/lib/python3.12/site-packages/pip/_vendor/cachecontrol/caches/redis_cache.py
   -> OK
 [PYTHON] Checking: ./venv/lib/python3.12/site-packages/pip/_vendor/cachecontrol/__init__.py
   -> OK
 [PYTHON] Checking: ./venv/lib/python3.12/site-packages/pip/_vendor/cachecontrol/_cmd.py
   -> OK
 [PYTHON] Checking: ./venv/lib/python3.12/site-packages/pip/_vendor/typing_extensions.py
   -> OK
 [PYTHON] Checking: ./venv/lib/python3.12/site-packages/pip/_vendor/resolvelib/compat/__init__.py
   -> OK
 [PYTHON] Checking: ./venv/lib/python3.12/site-packages/pip/_vendor/resolvelib/compat/collections_abc.py
   -> OK
 [PYTHON] Checking: ./venv/lib/python3.12/site-packages/pip/_vendor/resolvelib/reporters.py
   -> OK
 [PYTHON] Checking: ./venv/lib/python3.12/site-packages/pip/_vendor/resolvelib/resolvers.py
   -> OK
 [PYTHON] Checking: ./venv/lib/python3.12/site-packages/pip/_vendor/resolvelib/__init__.py
   -> OK
 [PYTHON] Checking: ./venv/lib/python3.12/site-packages/pip/_vendor/resolvelib/structs.py
   -> OK
 [PYTHON] Checking: ./venv/lib/python3.12/site-packages/pip/_vendor/resolvelib/providers.py
   -> OK
 [PYTHON] Checking: ./venv/lib/python3.12/site-packages/pip/_vendor/tenacity/nap.py
   -> OK
 [PYTHON] Checking: ./venv/lib/python3.12/site-packages/pip/_vendor/tenacity/before_sleep.py
   -> OK
 [PYTHON] Checking: ./venv/lib/python3.12/site-packages/pip/_vendor/tenacity/_utils.py
   -> OK
 [PYTHON] Checking: ./venv/lib/python3.12/site-packages/pip/_vendor/tenacity/tornadoweb.py
   -> OK
 [PYTHON] Checking: ./venv/lib/python3.12/site-packages/pip/_vendor/tenacity/stop.py
   -> OK
 [PYTHON] Checking: ./venv/lib/python3.12/site-packages/pip/_vendor/tenacity/after.py
   -> OK
 [PYTHON] Checking: ./venv/lib/python3.12/site-packages/pip/_vendor/tenacity/__init__.py
   -> OK
 [PYTHON] Checking: ./venv/lib/python3.12/site-packages/pip/_vendor/tenacity/wait.py
   -> OK
 [PYTHON] Checking: ./venv/lib/python3.12/site-packages/pip/_vendor/tenacity/before.py
   -> OK
 [PYTHON] Checking: ./venv/lib/python3.12/site-packages/pip/_vendor/tenacity/_asyncio.py
   -> OK
 [PYTHON] Checking: ./venv/lib/python3.12/site-packages/pip/_vendor/tenacity/retry.py
   -> OK
 [PYTHON] Checking: ./venv/lib/python3.12/site-packages/pip/_vendor/truststore/_ssl_constants.py
   -> OK
 [PYTHON] Checking: ./venv/lib/python3.12/site-packages/pip/_vendor/truststore/_api.py
   -> OK
 [PYTHON] Checking: ./venv/lib/python3.12/site-packages/pip/_vendor/truststore/_macos.py
   -> OK
 [PYTHON] Checking: ./venv/lib/python3.12/site-packages/pip/_vendor/truststore/_openssl.py
   -> OK
 [PYTHON] Checking: ./venv/lib/python3.12/site-packages/pip/_vendor/truststore/__init__.py
   -> OK
 [PYTHON] Checking: ./venv/lib/python3.12/site-packages/pip/_vendor/truststore/_windows.py
   -> OK
 [PYTHON] Checking: ./venv/lib/python3.12/site-packages/pip/_vendor/colorama/win32.py
   -> OK
 [PYTHON] Checking: ./venv/lib/python3.12/site-packages/pip/_vendor/colorama/winterm.py
   -> OK
 [PYTHON] Checking: ./venv/lib/python3.12/site-packages/pip/_vendor/colorama/ansi.py
   -> OK
 [PYTHON] Checking: ./venv/lib/python3.12/site-packages/pip/_vendor/colorama/initialise.py
   -> OK
 [PYTHON] Checking: ./venv/lib/python3.12/site-packages/pip/_vendor/colorama/tests/initialise_test.py
   -> OK
 [PYTHON] Checking: ./venv/lib/python3.12/site-packages/pip/_vendor/colorama/tests/utils.py
   -> OK
 [PYTHON] Checking: ./venv/lib/python3.12/site-packages/pip/_vendor/colorama/tests/winterm_test.py
   -> OK
 [PYTHON] Checking: ./venv/lib/python3.12/site-packages/pip/_vendor/colorama/tests/ansitowin32_test.py
   -> OK
 [PYTHON] Checking: ./venv/lib/python3.12/site-packages/pip/_vendor/colorama/tests/__init__.py
   -> OK
 [PYTHON] Checking: ./venv/lib/python3.12/site-packages/pip/_vendor/colorama/tests/isatty_test.py
   -> OK
 [PYTHON] Checking: ./venv/lib/python3.12/site-packages/pip/_vendor/colorama/tests/ansi_test.py
   -> OK
 [PYTHON] Checking: ./venv/lib/python3.12/site-packages/pip/_vendor/colorama/__init__.py
   -> OK
 [PYTHON] Checking: ./venv/lib/python3.12/site-packages/pip/_vendor/colorama/ansitowin32.py
   -> OK
 [PYTHON] Checking: ./venv/lib/python3.12/site-packages/pip/_vendor/idna/core.py
   -> OK
 [PYTHON] Checking: ./venv/lib/python3.12/site-packages/pip/_vendor/idna/compat.py
   -> OK
 [PYTHON] Checking: ./venv/lib/python3.12/site-packages/pip/_vendor/idna/intranges.py
   -> OK
 [PYTHON] Checking: ./venv/lib/python3.12/site-packages/pip/_vendor/idna/uts46data.py
   -> OK
 [PYTHON] Checking: ./venv/lib/python3.12/site-packages/pip/_vendor/idna/__init__.py
   -> OK
 [PYTHON] Checking: ./venv/lib/python3.12/site-packages/pip/_vendor/idna/codec.py
   -> OK
 [PYTHON] Checking: ./venv/lib/python3.12/site-packages/pip/_vendor/idna/idnadata.py
   -> OK
 [PYTHON] Checking: ./venv/lib/python3.12/site-packages/pip/_vendor/idna/package_data.py
   -> OK
 [PYTHON] Checking: ./venv/lib/python3.12/site-packages/pip/_vendor/distlib/markers.py
   -> OK
 [PYTHON] Checking: ./venv/lib/python3.12/site-packages/pip/_vendor/distlib/compat.py
   -> OK
 [PYTHON] Checking: ./venv/lib/python3.12/site-packages/pip/_vendor/distlib/locators.py
   -> OK
 [PYTHON] Checking: ./venv/lib/python3.12/site-packages/pip/_vendor/distlib/scripts.py
   -> OK
 [PYTHON] Checking: ./venv/lib/python3.12/site-packages/pip/_vendor/distlib/index.py
   -> OK
 [PYTHON] Checking: ./venv/lib/python3.12/site-packages/pip/_vendor/distlib/wheel.py
   -> OK
 [PYTHON] Checking: ./venv/lib/python3.12/site-packages/pip/_vendor/distlib/database.py
   -> OK
 [PYTHON] Checking: ./venv/lib/python3.12/site-packages/pip/_vendor/distlib/util.py
   -> OK
 [PYTHON] Checking: ./venv/lib/python3.12/site-packages/pip/_vendor/distlib/version.py
   -> OK
 [PYTHON] Checking: ./venv/lib/python3.12/site-packages/pip/_vendor/distlib/metadata.py
   -> OK
 [PYTHON] Checking: ./venv/lib/python3.12/site-packages/pip/_vendor/distlib/resources.py
   -> OK
 [PYTHON] Checking: ./venv/lib/python3.12/site-packages/pip/_vendor/distlib/__init__.py
   -> OK
 [PYTHON] Checking: ./venv/lib/python3.12/site-packages/pip/_vendor/distlib/manifest.py
   -> OK
 [PYTHON] Checking: ./venv/lib/python3.12/site-packages/pip/_vendor/certifi/core.py
   -> OK
 [PYTHON] Checking: ./venv/lib/python3.12/site-packages/pip/_vendor/certifi/__main__.py
   -> OK
 [PYTHON] Checking: ./venv/lib/python3.12/site-packages/pip/_vendor/certifi/__init__.py
   -> OK
 [PYTHON] Checking: ./venv/lib/python3.12/site-packages/pip/_vendor/rich/_emoji_codes.py
   -> OK
 [PYTHON] Checking: ./venv/lib/python3.12/site-packages/pip/_vendor/rich/logging.py
   -> OK
 [PYTHON] Checking: ./venv/lib/python3.12/site-packages/pip/_vendor/rich/columns.py
   -> OK
 [PYTHON] Checking: ./venv/lib/python3.12/site-packages/pip/_vendor/rich/_win32_console.py
   -> OK
 [PYTHON] Checking: ./venv/lib/python3.12/site-packages/pip/_vendor/rich/themes.py
   -> OK
 [PYTHON] Checking: ./venv/lib/python3.12/site-packages/pip/_vendor/rich/traceback.py
   -> OK
 [PYTHON] Checking: ./venv/lib/python3.12/site-packages/pip/_vendor/rich/progress.py
   -> OK
 [PYTHON] Checking: ./venv/lib/python3.12/site-packages/pip/_vendor/rich/_extension.py
   -> OK
 [PYTHON] Checking: ./venv/lib/python3.12/site-packages/pip/_vendor/rich/padding.py
   -> OK
 [PYTHON] Checking: ./venv/lib/python3.12/site-packages/pip/_vendor/rich/palette.py
   -> OK
 [PYTHON] Checking: ./venv/lib/python3.12/site-packages/pip/_vendor/rich/_palettes.py
   -> OK
 [PYTHON] Checking: ./venv/lib/python3.12/site-packages/pip/_vendor/rich/control.py
   -> OK
 [PYTHON] Checking: ./venv/lib/python3.12/site-packages/pip/_vendor/rich/syntax.py
   -> OK
 [PYTHON] Checking: ./venv/lib/python3.12/site-packages/pip/_vendor/rich/pretty.py
   -> OK
 [PYTHON] Checking: ./venv/lib/python3.12/site-packages/pip/_vendor/rich/json.py
   -> OK
 [PYTHON] Checking: ./venv/lib/python3.12/site-packages/pip/_vendor/rich/align.py
   -> OK
 [PYTHON] Checking: ./venv/lib/python3.12/site-packages/pip/_vendor/rich/file_proxy.py
   -> OK
 [PYTHON] Checking: ./venv/lib/python3.12/site-packages/pip/_vendor/rich/layout.py
   -> OK
 [PYTHON] Checking: ./venv/lib/python3.12/site-packages/pip/_vendor/rich/cells.py
   -> OK
 [PYTHON] Checking: ./venv/lib/python3.12/site-packages/pip/_vendor/rich/repr.py
   -> OK
 [PYTHON] Checking: ./venv/lib/python3.12/site-packages/pip/_vendor/rich/ansi.py
   -> OK
 [PYTHON] Checking: ./venv/lib/python3.12/site-packages/pip/_vendor/rich/abc.py
   -> OK
 [PYTHON] Checking: ./venv/lib/python3.12/site-packages/pip/_vendor/rich/__main__.py
   -> OK
 [PYTHON] Checking: ./venv/lib/python3.12/site-packages/pip/_vendor/rich/color.py
   -> OK
 [PYTHON] Checking: ./venv/lib/python3.12/site-packages/pip/_vendor/rich/panel.py
   -> OK
 [PYTHON] Checking: ./venv/lib/python3.12/site-packages/pip/_vendor/rich/_spinners.py
   -> OK
 [PYTHON] Checking: ./venv/lib/python3.12/site-packages/pip/_vendor/rich/markup.py
   -> OK
 [PYTHON] Checking: ./venv/lib/python3.12/site-packages/pip/_vendor/rich/table.py
   -> OK
 [PYTHON] Checking: ./venv/lib/python3.12/site-packages/pip/_vendor/rich/spinner.py
   -> OK
 [PYTHON] Checking: ./venv/lib/python3.12/site-packages/pip/_vendor/rich/console.py
   -> OK
 [PYTHON] Checking: ./venv/lib/python3.12/site-packages/pip/_vendor/rich/_loop.py
   -> OK
 [PYTHON] Checking: ./venv/lib/python3.12/site-packages/pip/_vendor/rich/_export_format.py
   -> OK
 [PYTHON] Checking: ./venv/lib/python3.12/site-packages/pip/_vendor/rich/constrain.py
   -> OK
 [PYTHON] Checking: ./venv/lib/python3.12/site-packages/pip/_vendor/rich/_inspect.py
   -> OK
 [PYTHON] Checking: ./venv/lib/python3.12/site-packages/pip/_vendor/rich/tree.py
   -> OK
 [PYTHON] Checking: ./venv/lib/python3.12/site-packages/pip/_vendor/rich/protocol.py
   -> OK
 [PYTHON] Checking: ./venv/lib/python3.12/site-packages/pip/_vendor/rich/filesize.py
   -> OK
 [PYTHON] Checking: ./venv/lib/python3.12/site-packages/pip/_vendor/rich/style.py
   -> OK
 [PYTHON] Checking: ./venv/lib/python3.12/site-packages/pip/_vendor/rich/errors.py
   -> OK
 [PYTHON] Checking: ./venv/lib/python3.12/site-packages/pip/_vendor/rich/_fileno.py
   -> OK
 [PYTHON] Checking: ./venv/lib/python3.12/site-packages/pip/_vendor/rich/live_render.py
   -> OK
 [PYTHON] Checking: ./venv/lib/python3.12/site-packages/pip/_vendor/rich/containers.py
   -> OK
 [PYTHON] Checking: ./venv/lib/python3.12/site-packages/pip/_vendor/rich/emoji.py
   -> OK
 [PYTHON] Checking: ./venv/lib/python3.12/site-packages/pip/_vendor/rich/_windows_renderer.py
   -> OK
 [PYTHON] Checking: ./venv/lib/python3.12/site-packages/pip/_vendor/rich/diagnose.py
   -> OK
 [PYTHON] Checking: ./venv/lib/python3.12/site-packages/pip/_vendor/rich/segment.py
   -> OK
 [PYTHON] Checking: ./venv/lib/python3.12/site-packages/pip/_vendor/rich/text.py
   -> OK
 [PYTHON] Checking: ./venv/lib/python3.12/site-packages/pip/_vendor/rich/_cell_widths.py
   -> OK
 [PYTHON] Checking: ./venv/lib/python3.12/site-packages/pip/_vendor/rich/jupyter.py
   -> OK
 [PYTHON] Checking: ./venv/lib/python3.12/site-packages/pip/_vendor/rich/box.py
   -> OK
 [PYTHON] Checking: ./venv/lib/python3.12/site-packages/pip/_vendor/rich/screen.py
   -> OK
 [PYTHON] Checking: ./venv/lib/python3.12/site-packages/pip/_vendor/rich/bar.py
   -> OK
 [PYTHON] Checking: ./venv/lib/python3.12/site-packages/pip/_vendor/rich/theme.py
   -> OK
 [PYTHON] Checking: ./venv/lib/python3.12/site-packages/pip/_vendor/rich/_timer.py
   -> OK
 [PYTHON] Checking: ./venv/lib/python3.12/site-packages/pip/_vendor/rich/live.py
   -> OK
 [PYTHON] Checking: ./venv/lib/python3.12/site-packages/pip/_vendor/rich/highlighter.py
   -> OK
 [PYTHON] Checking: ./venv/lib/python3.12/site-packages/pip/_vendor/rich/_emoji_replace.py
   -> OK
 [PYTHON] Checking: ./venv/lib/python3.12/site-packages/pip/_vendor/rich/__init__.py
   -> OK
 [PYTHON] Checking: ./venv/lib/python3.12/site-packages/pip/_vendor/rich/_null_file.py
   -> OK
 [PYTHON] Checking: ./venv/lib/python3.12/site-packages/pip/_vendor/rich/default_styles.py
   -> OK
 [PYTHON] Checking: ./venv/lib/python3.12/site-packages/pip/_vendor/rich/prompt.py
   -> OK
 [PYTHON] Checking: ./venv/lib/python3.12/site-packages/pip/_vendor/rich/region.py
   -> OK
 [PYTHON] Checking: ./venv/lib/python3.12/site-packages/pip/_vendor/rich/measure.py
   -> OK
 [PYTHON] Checking: ./venv/lib/python3.12/site-packages/pip/_vendor/rich/progress_bar.py
   -> OK
 [PYTHON] Checking: ./venv/lib/python3.12/site-packages/pip/_vendor/rich/terminal_theme.py
   -> OK
 [PYTHON] Checking: ./venv/lib/python3.12/site-packages/pip/_vendor/rich/_stack.py
   -> OK
 [PYTHON] Checking: ./venv/lib/python3.12/site-packages/pip/_vendor/rich/_log_render.py
   -> OK
 [PYTHON] Checking: ./venv/lib/python3.12/site-packages/pip/_vendor/rich/rule.py
   -> OK
 [PYTHON] Checking: ./venv/lib/python3.12/site-packages/pip/_vendor/rich/pager.py
   -> OK
 [PYTHON] Checking: ./venv/lib/python3.12/site-packages/pip/_vendor/rich/_windows.py
   -> OK
 [PYTHON] Checking: ./venv/lib/python3.12/site-packages/pip/_vendor/rich/color_triplet.py
   -> OK
 [PYTHON] Checking: ./venv/lib/python3.12/site-packages/pip/_vendor/rich/_wrap.py
   -> OK
 [PYTHON] Checking: ./venv/lib/python3.12/site-packages/pip/_vendor/rich/_pick.py
   -> OK
 [PYTHON] Checking: ./venv/lib/python3.12/site-packages/pip/_vendor/rich/_ratio.py
   -> OK
 [PYTHON] Checking: ./venv/lib/python3.12/site-packages/pip/_vendor/rich/scope.py
   -> OK
 [PYTHON] Checking: ./venv/lib/python3.12/site-packages/pip/_vendor/rich/status.py
   -> OK
 [PYTHON] Checking: ./venv/lib/python3.12/site-packages/pip/_vendor/rich/styled.py
   -> OK
 [PYTHON] Checking: ./venv/lib/python3.12/site-packages/pip/_vendor/tomli/_re.py
   -> OK
 [PYTHON] Checking: ./venv/lib/python3.12/site-packages/pip/_vendor/tomli/_types.py
   -> OK
 [PYTHON] Checking: ./venv/lib/python3.12/site-packages/pip/_vendor/tomli/__init__.py
   -> OK
 [PYTHON] Checking: ./venv/lib/python3.12/site-packages/pip/_vendor/tomli/_parser.py
   -> OK
 [PYTHON] Checking: ./venv/lib/python3.12/site-packages/pip/_vendor/chardet/resultdict.py
   -> OK
 [PYTHON] Checking: ./venv/lib/python3.12/site-packages/pip/_vendor/chardet/langhungarianmodel.py
   -> OK
 [PYTHON] Checking: ./venv/lib/python3.12/site-packages/pip/_vendor/chardet/jpcntx.py
   -> OK
 [PYTHON] Checking: ./venv/lib/python3.12/site-packages/pip/_vendor/chardet/euctwfreq.py
   -> OK
 [PYTHON] Checking: ./venv/lib/python3.12/site-packages/pip/_vendor/chardet/gb2312prober.py
   -> OK
 [PYTHON] Checking: ./venv/lib/python3.12/site-packages/pip/_vendor/chardet/charsetprober.py
   -> OK
 [PYTHON] Checking: ./venv/lib/python3.12/site-packages/pip/_vendor/chardet/langturkishmodel.py
   -> OK
 [PYTHON] Checking: ./venv/lib/python3.12/site-packages/pip/_vendor/chardet/eucjpprober.py
   -> OK
 [PYTHON] Checking: ./venv/lib/python3.12/site-packages/pip/_vendor/chardet/johabfreq.py
   -> OK
 [PYTHON] Checking: ./venv/lib/python3.12/site-packages/pip/_vendor/chardet/jisfreq.py
   -> OK
 [PYTHON] Checking: ./venv/lib/python3.12/site-packages/pip/_vendor/chardet/macromanprober.py
   -> OK
 [PYTHON] Checking: ./venv/lib/python3.12/site-packages/pip/_vendor/chardet/charsetgroupprober.py
   -> OK
 [PYTHON] Checking: ./venv/lib/python3.12/site-packages/pip/_vendor/chardet/hebrewprober.py
   -> OK
 [PYTHON] Checking: ./venv/lib/python3.12/site-packages/pip/_vendor/chardet/sjisprober.py
   -> OK
 [PYTHON] Checking: ./venv/lib/python3.12/site-packages/pip/_vendor/chardet/enums.py
   -> OK
 [PYTHON] Checking: ./venv/lib/python3.12/site-packages/pip/_vendor/chardet/langrussianmodel.py
   -> OK
 [PYTHON] Checking: ./venv/lib/python3.12/site-packages/pip/_vendor/chardet/langgreekmodel.py
   -> OK
 [PYTHON] Checking: ./venv/lib/python3.12/site-packages/pip/_vendor/chardet/codingstatemachine.py
   -> OK
 [PYTHON] Checking: ./venv/lib/python3.12/site-packages/pip/_vendor/chardet/universaldetector.py
   -> OK
 [PYTHON] Checking: ./venv/lib/python3.12/site-packages/pip/_vendor/chardet/mbcsgroupprober.py
   -> OK
 [PYTHON] Checking: ./venv/lib/python3.12/site-packages/pip/_vendor/chardet/langbulgarianmodel.py
   -> OK
 [PYTHON] Checking: ./venv/lib/python3.12/site-packages/pip/_vendor/chardet/gb2312freq.py
   -> OK
 [PYTHON] Checking: ./venv/lib/python3.12/site-packages/pip/_vendor/chardet/mbcssm.py
   -> OK
 [PYTHON] Checking: ./venv/lib/python3.12/site-packages/pip/_vendor/chardet/utf1632prober.py
   -> OK
 [PYTHON] Checking: ./venv/lib/python3.12/site-packages/pip/_vendor/chardet/cli/chardetect.py
   -> OK
 [PYTHON] Checking: ./venv/lib/python3.12/site-packages/pip/_vendor/chardet/cli/__init__.py
   -> OK
 [PYTHON] Checking: ./venv/lib/python3.12/site-packages/pip/_vendor/chardet/utf8prober.py
   -> OK
 [PYTHON] Checking: ./venv/lib/python3.12/site-packages/pip/_vendor/chardet/mbcharsetprober.py
   -> OK
 [PYTHON] Checking: ./venv/lib/python3.12/site-packages/pip/_vendor/chardet/johabprober.py
   -> OK
 [PYTHON] Checking: ./venv/lib/python3.12/site-packages/pip/_vendor/chardet/codingstatemachinedict.py
   -> OK
 [PYTHON] Checking: ./venv/lib/python3.12/site-packages/pip/_vendor/chardet/version.py
   -> OK
 [PYTHON] Checking: ./venv/lib/python3.12/site-packages/pip/_vendor/chardet/langthaimodel.py
   -> OK
 [PYTHON] Checking: ./venv/lib/python3.12/site-packages/pip/_vendor/chardet/chardistribution.py
   -> OK
 [PYTHON] Checking: ./venv/lib/python3.12/site-packages/pip/_vendor/chardet/euckrfreq.py
   -> OK
 [PYTHON] Checking: ./venv/lib/python3.12/site-packages/pip/_vendor/chardet/__init__.py
   -> OK
 [PYTHON] Checking: ./venv/lib/python3.12/site-packages/pip/_vendor/chardet/cp949prober.py
   -> OK
 [PYTHON] Checking: ./venv/lib/python3.12/site-packages/pip/_vendor/chardet/metadata/languages.py
   -> OK
 [PYTHON] Checking: ./venv/lib/python3.12/site-packages/pip/_vendor/chardet/metadata/__init__.py
   -> OK
 [PYTHON] Checking: ./venv/lib/python3.12/site-packages/pip/_vendor/chardet/latin1prober.py
   -> OK
 [PYTHON] Checking: ./venv/lib/python3.12/site-packages/pip/_vendor/chardet/langhebrewmodel.py
   -> OK
 [PYTHON] Checking: ./venv/lib/python3.12/site-packages/pip/_vendor/chardet/big5freq.py
   -> OK
 [PYTHON] Checking: ./venv/lib/python3.12/site-packages/pip/_vendor/chardet/euctwprober.py
   -> OK
 [PYTHON] Checking: ./venv/lib/python3.12/site-packages/pip/_vendor/chardet/big5prober.py
   -> OK
 [PYTHON] Checking: ./venv/lib/python3.12/site-packages/pip/_vendor/chardet/escprober.py
   -> OK
 [PYTHON] Checking: ./venv/lib/python3.12/site-packages/pip/_vendor/chardet/euckrprober.py
   -> OK
 [PYTHON] Checking: ./venv/lib/python3.12/site-packages/pip/_vendor/chardet/escsm.py
   -> OK
 [PYTHON] Checking: ./venv/lib/python3.12/site-packages/pip/_vendor/chardet/sbcharsetprober.py
   -> OK
 [PYTHON] Checking: ./venv/lib/python3.12/site-packages/pip/_vendor/chardet/sbcsgroupprober.py
   -> OK
 [PYTHON] Checking: ./venv/lib/python3.12/site-packages/pip/_vendor/distro/distro.py
   -> OK
 [PYTHON] Checking: ./venv/lib/python3.12/site-packages/pip/_vendor/distro/__main__.py
   -> OK
 [PYTHON] Checking: ./venv/lib/python3.12/site-packages/pip/_vendor/distro/__init__.py
   -> OK
 [PYTHON] Checking: ./venv/lib/python3.12/site-packages/pip/_vendor/pkg_resources/__init__.py
   -> OK
 [PYTHON] Checking: ./venv/lib/python3.12/site-packages/pip/_vendor/__init__.py
   -> OK
 [PYTHON] Checking: ./venv/lib/python3.12/site-packages/pip/_vendor/pygments/sphinxext.py
   -> OK
 [PYTHON] Checking: ./venv/lib/python3.12/site-packages/pip/_vendor/pygments/formatters/terminal.py
   -> OK
 [PYTHON] Checking: ./venv/lib/python3.12/site-packages/pip/_vendor/pygments/formatters/img.py
   -> OK
 [PYTHON] Checking: ./venv/lib/python3.12/site-packages/pip/_vendor/pygments/formatters/irc.py
   -> OK
 [PYTHON] Checking: ./venv/lib/python3.12/site-packages/pip/_vendor/pygments/formatters/_mapping.py
   -> OK
 [PYTHON] Checking: ./venv/lib/python3.12/site-packages/pip/_vendor/pygments/formatters/other.py
   -> OK
 [PYTHON] Checking: ./venv/lib/python3.12/site-packages/pip/_vendor/pygments/formatters/pangomarkup.py
   -> OK
 [PYTHON] Checking: ./venv/lib/python3.12/site-packages/pip/_vendor/pygments/formatters/groff.py
   -> OK
 [PYTHON] Checking: ./venv/lib/python3.12/site-packages/pip/_vendor/pygments/formatters/terminal256.py
   -> OK
 [PYTHON] Checking: ./venv/lib/python3.12/site-packages/pip/_vendor/pygments/formatters/__init__.py
   -> OK
 [PYTHON] Checking: ./venv/lib/python3.12/site-packages/pip/_vendor/pygments/formatters/rtf.py
   -> OK
 [PYTHON] Checking: ./venv/lib/python3.12/site-packages/pip/_vendor/pygments/formatters/html.py
   -> OK
 [PYTHON] Checking: ./venv/lib/python3.12/site-packages/pip/_vendor/pygments/formatters/latex.py
   -> OK
 [PYTHON] Checking: ./venv/lib/python3.12/site-packages/pip/_vendor/pygments/formatters/svg.py
   -> OK
 [PYTHON] Checking: ./venv/lib/python3.12/site-packages/pip/_vendor/pygments/formatters/bbcode.py
   -> OK
 [PYTHON] Checking: ./venv/lib/python3.12/site-packages/pip/_vendor/pygments/unistring.py
   -> OK
 [PYTHON] Checking: ./venv/lib/python3.12/site-packages/pip/_vendor/pygments/filters/__init__.py
   -> OK
 [PYTHON] Checking: ./venv/lib/python3.12/site-packages/pip/_vendor/pygments/styles/__init__.py
   -> OK
 [PYTHON] Checking: ./venv/lib/python3.12/site-packages/pip/_vendor/pygments/__main__.py
   -> OK
 [PYTHON] Checking: ./venv/lib/python3.12/site-packages/pip/_vendor/pygments/lexers/_mapping.py
   -> OK
 [PYTHON] Checking: ./venv/lib/python3.12/site-packages/pip/_vendor/pygments/lexers/python.py
   -> OK
 [PYTHON] Checking: ./venv/lib/python3.12/site-packages/pip/_vendor/pygments/lexers/__init__.py
   -> OK
 [PYTHON] Checking: ./venv/lib/python3.12/site-packages/pip/_vendor/pygments/console.py
   -> OK
 [PYTHON] Checking: ./venv/lib/python3.12/site-packages/pip/_vendor/pygments/token.py
   -> OK
 [PYTHON] Checking: ./venv/lib/python3.12/site-packages/pip/_vendor/pygments/style.py
   -> OK
 [PYTHON] Checking: ./venv/lib/python3.12/site-packages/pip/_vendor/pygments/util.py
   -> OK
 [PYTHON] Checking: ./venv/lib/python3.12/site-packages/pip/_vendor/pygments/filter.py
   -> OK
 [PYTHON] Checking: ./venv/lib/python3.12/site-packages/pip/_vendor/pygments/lexer.py
   -> OK
 [PYTHON] Checking: ./venv/lib/python3.12/site-packages/pip/_vendor/pygments/scanner.py
   -> OK
 [PYTHON] Checking: ./venv/lib/python3.12/site-packages/pip/_vendor/pygments/__init__.py
   -> OK
 [PYTHON] Checking: ./venv/lib/python3.12/site-packages/pip/_vendor/pygments/formatter.py
   -> OK
 [PYTHON] Checking: ./venv/lib/python3.12/site-packages/pip/_vendor/pygments/modeline.py
   -> OK
 [PYTHON] Checking: ./venv/lib/python3.12/site-packages/pip/_vendor/pygments/regexopt.py
   -> OK
 [PYTHON] Checking: ./venv/lib/python3.12/site-packages/pip/_vendor/pygments/plugin.py
   -> OK
 [PYTHON] Checking: ./venv/lib/python3.12/site-packages/pip/_vendor/pygments/cmdline.py
   -> OK
 [PYTHON] Checking: ./venv/lib/python3.12/site-packages/pip/_vendor/packaging/_manylinux.py
   -> OK
 [PYTHON] Checking: ./venv/lib/python3.12/site-packages/pip/_vendor/packaging/markers.py
   -> OK
 [PYTHON] Checking: ./venv/lib/python3.12/site-packages/pip/_vendor/packaging/__about__.py
   -> OK
 [PYTHON] Checking: ./venv/lib/python3.12/site-packages/pip/_vendor/packaging/utils.py
   -> OK
 [PYTHON] Checking: ./venv/lib/python3.12/site-packages/pip/_vendor/packaging/_structures.py
   -> OK
 [PYTHON] Checking: ./venv/lib/python3.12/site-packages/pip/_vendor/packaging/version.py
   -> OK
 [PYTHON] Checking: ./venv/lib/python3.12/site-packages/pip/_vendor/packaging/requirements.py
   -> OK
 [PYTHON] Checking: ./venv/lib/python3.12/site-packages/pip/_vendor/packaging/_musllinux.py
   -> OK
 [PYTHON] Checking: ./venv/lib/python3.12/site-packages/pip/_vendor/packaging/specifiers.py
   -> OK
 [PYTHON] Checking: ./venv/lib/python3.12/site-packages/pip/_vendor/packaging/__init__.py
   -> OK
 [PYTHON] Checking: ./venv/lib/python3.12/site-packages/pip/_vendor/packaging/tags.py
   -> OK
 [PYTHON] Checking: ./venv/lib/python3.12/site-packages/pip/_vendor/platformdirs/api.py
   -> OK
 [PYTHON] Checking: ./venv/lib/python3.12/site-packages/pip/_vendor/platformdirs/__main__.py
   -> OK
 [PYTHON] Checking: ./venv/lib/python3.12/site-packages/pip/_vendor/platformdirs/android.py
   -> OK
 [PYTHON] Checking: ./venv/lib/python3.12/site-packages/pip/_vendor/platformdirs/unix.py
   -> OK
 [PYTHON] Checking: ./venv/lib/python3.12/site-packages/pip/_vendor/platformdirs/windows.py
   -> OK
 [PYTHON] Checking: ./venv/lib/python3.12/site-packages/pip/_vendor/platformdirs/version.py
   -> OK
 [PYTHON] Checking: ./venv/lib/python3.12/site-packages/pip/_vendor/platformdirs/__init__.py
   -> OK
 [PYTHON] Checking: ./venv/lib/python3.12/site-packages/pip/_vendor/platformdirs/macos.py
   -> OK
 [PYTHON] Checking: ./venv/lib/python3.12/site-packages/pip/_vendor/msgpack/ext.py
   -> OK
 [PYTHON] Checking: ./venv/lib/python3.12/site-packages/pip/_vendor/msgpack/fallback.py
   -> OK
 [PYTHON] Checking: ./venv/lib/python3.12/site-packages/pip/_vendor/msgpack/__init__.py
   -> OK
 [PYTHON] Checking: ./venv/lib/python3.12/site-packages/pip/_vendor/msgpack/exceptions.py
   -> OK
 [PYTHON] Checking: ./venv/lib/python3.12/site-packages/pip/_vendor/pyparsing/unicode.py
   -> OK
 [PYTHON] Checking: ./venv/lib/python3.12/site-packages/pip/_vendor/pyparsing/core.py
   -> OK
 [PYTHON] Checking: ./venv/lib/python3.12/site-packages/pip/_vendor/pyparsing/actions.py
   -> OK
 [PYTHON] Checking: ./venv/lib/python3.12/site-packages/pip/_vendor/pyparsing/helpers.py
   -> OK
 [PYTHON] Checking: ./venv/lib/python3.12/site-packages/pip/_vendor/pyparsing/testing.py
   -> OK
 [PYTHON] Checking: ./venv/lib/python3.12/site-packages/pip/_vendor/pyparsing/util.py
   -> OK
 [PYTHON] Checking: ./venv/lib/python3.12/site-packages/pip/_vendor/pyparsing/diagram/__init__.py
   -> OK
 [PYTHON] Checking: ./venv/lib/python3.12/site-packages/pip/_vendor/pyparsing/__init__.py
   -> OK
 [PYTHON] Checking: ./venv/lib/python3.12/site-packages/pip/_vendor/pyparsing/exceptions.py
   -> OK
 [PYTHON] Checking: ./venv/lib/python3.12/site-packages/pip/_vendor/pyparsing/common.py
   -> OK
 [PYTHON] Checking: ./venv/lib/python3.12/site-packages/pip/_vendor/pyparsing/results.py
   -> OK
 [PYTHON] Checking: ./venv/lib/python3.12/site-packages/pip/_vendor/six.py
   -> OK
 [PYTHON] Checking: ./venv/lib/python3.12/site-packages/pip/_internal/network/xmlrpc.py
   -> OK
 [PYTHON] Checking: ./venv/lib/python3.12/site-packages/pip/_internal/network/download.py
   -> OK
 [PYTHON] Checking: ./venv/lib/python3.12/site-packages/pip/_internal/network/utils.py
   -> OK
 [PYTHON] Checking: ./venv/lib/python3.12/site-packages/pip/_internal/network/session.py
   -> OK
 [PYTHON] Checking: ./venv/lib/python3.12/site-packages/pip/_internal/network/auth.py
   -> OK
 [PYTHON] Checking: ./venv/lib/python3.12/site-packages/pip/_internal/network/lazy_wheel.py
   -> OK
 [PYTHON] Checking: ./venv/lib/python3.12/site-packages/pip/_internal/network/cache.py
   -> OK
 [PYTHON] Checking: ./venv/lib/python3.12/site-packages/pip/_internal/network/__init__.py
   -> OK
 [PYTHON] Checking: ./venv/lib/python3.12/site-packages/pip/_internal/models/link.py
   -> OK
 [PYTHON] Checking: ./venv/lib/python3.12/site-packages/pip/_internal/models/format_control.py
   -> OK
 [PYTHON] Checking: ./venv/lib/python3.12/site-packages/pip/_internal/models/search_scope.py
   -> OK
 [PYTHON] Checking: ./venv/lib/python3.12/site-packages/pip/_internal/models/direct_url.py
   -> OK
 [PYTHON] Checking: ./venv/lib/python3.12/site-packages/pip/_internal/models/index.py
   -> OK
 [PYTHON] Checking: ./venv/lib/python3.12/site-packages/pip/_internal/models/candidate.py
   -> OK
 [PYTHON] Checking: ./venv/lib/python3.12/site-packages/pip/_internal/models/wheel.py
   -> OK
 [PYTHON] Checking: ./venv/lib/python3.12/site-packages/pip/_internal/models/scheme.py
   -> OK
 [PYTHON] Checking: ./venv/lib/python3.12/site-packages/pip/_internal/models/installation_report.py
   -> OK
 [PYTHON] Checking: ./venv/lib/python3.12/site-packages/pip/_internal/models/target_python.py
   -> OK
 [PYTHON] Checking: ./venv/lib/python3.12/site-packages/pip/_internal/models/__init__.py
   -> OK
 [PYTHON] Checking: ./venv/lib/python3.12/site-packages/pip/_internal/models/selection_prefs.py
   -> OK
 [PYTHON] Checking: ./venv/lib/python3.12/site-packages/pip/_internal/req/req_install.py
   -> OK
 [PYTHON] Checking: ./venv/lib/python3.12/site-packages/pip/_internal/req/req_file.py
   -> OK
 [PYTHON] Checking: ./venv/lib/python3.12/site-packages/pip/_internal/req/req_set.py
   -> OK
 [PYTHON] Checking: ./venv/lib/python3.12/site-packages/pip/_internal/req/req_uninstall.py
   -> OK
 [PYTHON] Checking: ./venv/lib/python3.12/site-packages/pip/_internal/req/__init__.py
   -> OK
 [PYTHON] Checking: ./venv/lib/python3.12/site-packages/pip/_internal/req/constructors.py
   -> OK
 [PYTHON] Checking: ./venv/lib/python3.12/site-packages/pip/_internal/utils/logging.py
   -> OK
 [PYTHON] Checking: ./venv/lib/python3.12/site-packages/pip/_internal/utils/entrypoints.py
   -> OK
 [PYTHON] Checking: ./venv/lib/python3.12/site-packages/pip/_internal/utils/virtualenv.py
   -> OK
 [PYTHON] Checking: ./venv/lib/python3.12/site-packages/pip/_internal/utils/direct_url_helpers.py
   -> OK
 [PYTHON] Checking: ./venv/lib/python3.12/site-packages/pip/_internal/utils/glibc.py
   -> OK
 [PYTHON] Checking: ./venv/lib/python3.12/site-packages/pip/_internal/utils/models.py
   -> OK
 [PYTHON] Checking: ./venv/lib/python3.12/site-packages/pip/_internal/utils/compat.py
   -> OK
 [PYTHON] Checking: ./venv/lib/python3.12/site-packages/pip/_internal/utils/encoding.py
   -> OK
 [PYTHON] Checking: ./venv/lib/python3.12/site-packages/pip/_internal/utils/subprocess.py
   -> OK
 [PYTHON] Checking: ./venv/lib/python3.12/site-packages/pip/_internal/utils/deprecation.py
   -> OK
 [PYTHON] Checking: ./venv/lib/python3.12/site-packages/pip/_internal/utils/temp_dir.py
   -> OK
 [PYTHON] Checking: ./venv/lib/python3.12/site-packages/pip/_internal/utils/hashes.py
   -> OK
 [PYTHON] Checking: ./venv/lib/python3.12/site-packages/pip/_internal/utils/filetypes.py
   -> OK
 [PYTHON] Checking: ./venv/lib/python3.12/site-packages/pip/_internal/utils/datetime.py
   -> OK
 [PYTHON] Checking: ./venv/lib/python3.12/site-packages/pip/_internal/utils/unpacking.py
   -> OK
 [PYTHON] Checking: ./venv/lib/python3.12/site-packages/pip/_internal/utils/misc.py
   -> OK
 [PYTHON] Checking: ./venv/lib/python3.12/site-packages/pip/_internal/utils/wheel.py
   -> OK
 [PYTHON] Checking: ./venv/lib/python3.12/site-packages/pip/_internal/utils/setuptools_build.py
   -> OK
 [PYTHON] Checking: ./venv/lib/python3.12/site-packages/pip/_internal/utils/_log.py
   -> OK
 [PYTHON] Checking: ./venv/lib/python3.12/site-packages/pip/_internal/utils/_jaraco_text.py
   -> OK
 [PYTHON] Checking: ./venv/lib/python3.12/site-packages/pip/_internal/utils/urls.py
   -> OK
 [PYTHON] Checking: ./venv/lib/python3.12/site-packages/pip/_internal/utils/__init__.py
   -> OK
 [PYTHON] Checking: ./venv/lib/python3.12/site-packages/pip/_internal/utils/compatibility_tags.py
   -> OK
 [PYTHON] Checking: ./venv/lib/python3.12/site-packages/pip/_internal/utils/egg_link.py
   -> OK
 [PYTHON] Checking: ./venv/lib/python3.12/site-packages/pip/_internal/utils/packaging.py
   -> OK
 [PYTHON] Checking: ./venv/lib/python3.12/site-packages/pip/_internal/utils/appdirs.py
   -> OK
 [PYTHON] Checking: ./venv/lib/python3.12/site-packages/pip/_internal/utils/filesystem.py
   -> OK
 [PYTHON] Checking: ./venv/lib/python3.12/site-packages/pip/_internal/build_env.py
   -> OK
 [PYTHON] Checking: ./venv/lib/python3.12/site-packages/pip/_internal/configuration.py
   -> OK
 [PYTHON] Checking: ./venv/lib/python3.12/site-packages/pip/_internal/wheel_builder.py
   -> OK
 [PYTHON] Checking: ./venv/lib/python3.12/site-packages/pip/_internal/cli/base_command.py
   -> OK
 [PYTHON] Checking: ./venv/lib/python3.12/site-packages/pip/_internal/cli/progress_bars.py
   -> OK
 [PYTHON] Checking: ./venv/lib/python3.12/site-packages/pip/_internal/cli/cmdoptions.py
   -> OK
 [PYTHON] Checking: ./venv/lib/python3.12/site-packages/pip/_internal/cli/main_parser.py
   -> OK
 [PYTHON] Checking: ./venv/lib/python3.12/site-packages/pip/_internal/cli/req_command.py
   -> OK
 [PYTHON] Checking: ./venv/lib/python3.12/site-packages/pip/_internal/cli/parser.py
   -> OK
 [PYTHON] Checking: ./venv/lib/python3.12/site-packages/pip/_internal/cli/status_codes.py
   -> OK
 [PYTHON] Checking: ./venv/lib/python3.12/site-packages/pip/_internal/cli/main.py
   -> OK
 [PYTHON] Checking: ./venv/lib/python3.12/site-packages/pip/_internal/cli/command_context.py
   -> OK
 [PYTHON] Checking: ./venv/lib/python3.12/site-packages/pip/_internal/cli/spinners.py
   -> OK
 [PYTHON] Checking: ./venv/lib/python3.12/site-packages/pip/_internal/cli/autocompletion.py
   -> OK
 [PYTHON] Checking: ./venv/lib/python3.12/site-packages/pip/_internal/cli/__init__.py
   -> OK
 [PYTHON] Checking: ./venv/lib/python3.12/site-packages/pip/_internal/main.py
   -> OK
 [PYTHON] Checking: ./venv/lib/python3.12/site-packages/pip/_internal/resolution/resolvelib/reporter.py
   -> OK
 [PYTHON] Checking: ./venv/lib/python3.12/site-packages/pip/_internal/resolution/resolvelib/candidates.py
   -> OK
 [PYTHON] Checking: ./venv/lib/python3.12/site-packages/pip/_internal/resolution/resolvelib/found_candidates.py
   -> OK
 [PYTHON] Checking: ./venv/lib/python3.12/site-packages/pip/_internal/resolution/resolvelib/requirements.py
   -> OK
 [PYTHON] Checking: ./venv/lib/python3.12/site-packages/pip/_internal/resolution/resolvelib/provider.py
   -> OK
 [PYTHON] Checking: ./venv/lib/python3.12/site-packages/pip/_internal/resolution/resolvelib/resolver.py
   -> OK
 [PYTHON] Checking: ./venv/lib/python3.12/site-packages/pip/_internal/resolution/resolvelib/__init__.py
   -> OK
 [PYTHON] Checking: ./venv/lib/python3.12/site-packages/pip/_internal/resolution/resolvelib/factory.py
   -> OK
 [PYTHON] Checking: ./venv/lib/python3.12/site-packages/pip/_internal/resolution/resolvelib/base.py
   -> OK
 [PYTHON] Checking: ./venv/lib/python3.12/site-packages/pip/_internal/resolution/__init__.py
   -> OK
 [PYTHON] Checking: ./venv/lib/python3.12/site-packages/pip/_internal/resolution/base.py
   -> OK
 [PYTHON] Checking: ./venv/lib/python3.12/site-packages/pip/_internal/resolution/legacy/resolver.py
   -> OK
 [PYTHON] Checking: ./venv/lib/python3.12/site-packages/pip/_internal/resolution/legacy/__init__.py
   -> OK
 [PYTHON] Checking: ./venv/lib/python3.12/site-packages/pip/_internal/index/collector.py
   -> OK
 [PYTHON] Checking: ./venv/lib/python3.12/site-packages/pip/_internal/index/__init__.py
   -> OK
 [PYTHON] Checking: ./venv/lib/python3.12/site-packages/pip/_internal/index/package_finder.py
   -> OK
 [PYTHON] Checking: ./venv/lib/python3.12/site-packages/pip/_internal/index/sources.py
   -> OK
 [PYTHON] Checking: ./venv/lib/python3.12/site-packages/pip/_internal/cache.py
   -> OK
 [PYTHON] Checking: ./venv/lib/python3.12/site-packages/pip/_internal/commands/completion.py
   -> OK
 [PYTHON] Checking: ./venv/lib/python3.12/site-packages/pip/_internal/commands/freeze.py
   -> OK
 [PYTHON] Checking: ./venv/lib/python3.12/site-packages/pip/_internal/commands/download.py
   -> OK
 [PYTHON] Checking: ./venv/lib/python3.12/site-packages/pip/_internal/commands/configuration.py
   -> OK
 [PYTHON] Checking: ./venv/lib/python3.12/site-packages/pip/_internal/commands/check.py
   -> OK
 [PYTHON] Checking: ./venv/lib/python3.12/site-packages/pip/_internal/commands/index.py
   -> OK
 [PYTHON] Checking: ./venv/lib/python3.12/site-packages/pip/_internal/commands/debug.py
   -> OK
 [PYTHON] Checking: ./venv/lib/python3.12/site-packages/pip/_internal/commands/wheel.py
   -> OK
 [PYTHON] Checking: ./venv/lib/python3.12/site-packages/pip/_internal/commands/list.py
   -> OK
 [PYTHON] Checking: ./venv/lib/python3.12/site-packages/pip/_internal/commands/show.py
   -> OK
 [PYTHON] Checking: ./venv/lib/python3.12/site-packages/pip/_internal/commands/cache.py
   -> OK
 [PYTHON] Checking: ./venv/lib/python3.12/site-packages/pip/_internal/commands/inspect.py
   -> OK
 [PYTHON] Checking: ./venv/lib/python3.12/site-packages/pip/_internal/commands/hash.py
   -> OK
 [PYTHON] Checking: ./venv/lib/python3.12/site-packages/pip/_internal/commands/__init__.py
   -> OK
 [PYTHON] Checking: ./venv/lib/python3.12/site-packages/pip/_internal/commands/uninstall.py
   -> OK
 [PYTHON] Checking: ./venv/lib/python3.12/site-packages/pip/_internal/commands/install.py
   -> OK
 [PYTHON] Checking: ./venv/lib/python3.12/site-packages/pip/_internal/commands/search.py
   -> OK
 [PYTHON] Checking: ./venv/lib/python3.12/site-packages/pip/_internal/commands/help.py
   -> OK
 [PYTHON] Checking: ./venv/lib/python3.12/site-packages/pip/_internal/locations/_distutils.py
   -> OK
 [PYTHON] Checking: ./venv/lib/python3.12/site-packages/pip/_internal/locations/_sysconfig.py
   -> OK
 [PYTHON] Checking: ./venv/lib/python3.12/site-packages/pip/_internal/locations/__init__.py
   -> OK
 [PYTHON] Checking: ./venv/lib/python3.12/site-packages/pip/_internal/locations/base.py
   -> OK
 [PYTHON] Checking: ./venv/lib/python3.12/site-packages/pip/_internal/__init__.py
   -> OK
 [PYTHON] Checking: ./venv/lib/python3.12/site-packages/pip/_internal/exceptions.py
   -> OK
 [PYTHON] Checking: ./venv/lib/python3.12/site-packages/pip/_internal/pyproject.py
   -> OK
 [PYTHON] Checking: ./venv/lib/python3.12/site-packages/pip/_internal/metadata/_json.py
   -> OK
 [PYTHON] Checking: ./venv/lib/python3.12/site-packages/pip/_internal/metadata/__init__.py
   -> OK
 [PYTHON] Checking: ./venv/lib/python3.12/site-packages/pip/_internal/metadata/base.py
   -> OK
 [PYTHON] Checking: ./venv/lib/python3.12/site-packages/pip/_internal/metadata/importlib/_compat.py
   -> OK
 [PYTHON] Checking: ./venv/lib/python3.12/site-packages/pip/_internal/metadata/importlib/_envs.py
   -> OK
 [PYTHON] Checking: ./venv/lib/python3.12/site-packages/pip/_internal/metadata/importlib/_dists.py
   -> OK
 [PYTHON] Checking: ./venv/lib/python3.12/site-packages/pip/_internal/metadata/importlib/__init__.py
   -> OK
 [PYTHON] Checking: ./venv/lib/python3.12/site-packages/pip/_internal/metadata/pkg_resources.py
   -> OK
 [PYTHON] Checking: ./venv/lib/python3.12/site-packages/pip/_internal/distributions/sdist.py
   -> OK
 [PYTHON] Checking: ./venv/lib/python3.12/site-packages/pip/_internal/distributions/wheel.py
   -> OK
 [PYTHON] Checking: ./venv/lib/python3.12/site-packages/pip/_internal/distributions/installed.py
   -> OK
 [PYTHON] Checking: ./venv/lib/python3.12/site-packages/pip/_internal/distributions/__init__.py
   -> OK
 [PYTHON] Checking: ./venv/lib/python3.12/site-packages/pip/_internal/distributions/base.py
   -> OK
 [PYTHON] Checking: ./venv/lib/python3.12/site-packages/pip/_internal/vcs/git.py
   -> OK
 [PYTHON] Checking: ./venv/lib/python3.12/site-packages/pip/_internal/vcs/subversion.py
   -> OK
 [PYTHON] Checking: ./venv/lib/python3.12/site-packages/pip/_internal/vcs/mercurial.py
   -> OK
 [PYTHON] Checking: ./venv/lib/python3.12/site-packages/pip/_internal/vcs/__init__.py
   -> OK
 [PYTHON] Checking: ./venv/lib/python3.12/site-packages/pip/_internal/vcs/bazaar.py
   -> OK
 [PYTHON] Checking: ./venv/lib/python3.12/site-packages/pip/_internal/vcs/versioncontrol.py
   -> OK
 [PYTHON] Checking: ./venv/lib/python3.12/site-packages/pip/_internal/operations/freeze.py
   -> OK
 [PYTHON] Checking: ./venv/lib/python3.12/site-packages/pip/_internal/operations/prepare.py
   -> OK
 [PYTHON] Checking: ./venv/lib/python3.12/site-packages/pip/_internal/operations/check.py
   -> OK
 [PYTHON] Checking: ./venv/lib/python3.12/site-packages/pip/_internal/operations/__init__.py
   -> OK
 [PYTHON] Checking: ./venv/lib/python3.12/site-packages/pip/_internal/operations/install/wheel.py
   -> OK
 [PYTHON] Checking: ./venv/lib/python3.12/site-packages/pip/_internal/operations/install/__init__.py
   -> OK
 [PYTHON] Checking: ./venv/lib/python3.12/site-packages/pip/_internal/operations/install/editable_legacy.py
   -> OK
 [PYTHON] Checking: ./venv/lib/python3.12/site-packages/pip/_internal/operations/build/wheel_legacy.py
   -> OK
 [PYTHON] Checking: ./venv/lib/python3.12/site-packages/pip/_internal/operations/build/wheel_editable.py
   -> OK
 [PYTHON] Checking: ./venv/lib/python3.12/site-packages/pip/_internal/operations/build/wheel.py
   -> OK
 [PYTHON] Checking: ./venv/lib/python3.12/site-packages/pip/_internal/operations/build/metadata.py
   -> OK
 [PYTHON] Checking: ./venv/lib/python3.12/site-packages/pip/_internal/operations/build/metadata_editable.py
   -> OK
 [PYTHON] Checking: ./venv/lib/python3.12/site-packages/pip/_internal/operations/build/build_tracker.py
   -> OK
 [PYTHON] Checking: ./venv/lib/python3.12/site-packages/pip/_internal/operations/build/__init__.py
   -> OK
 [PYTHON] Checking: ./venv/lib/python3.12/site-packages/pip/_internal/operations/build/metadata_legacy.py
   -> OK
 [PYTHON] Checking: ./venv/lib/python3.12/site-packages/pip/_internal/self_outdated_check.py
   -> OK
 [PYTHON] Checking: ./venv/lib/python3.12/site-packages/pip/__init__.py
   -> OK
 [PYTHON] Checking: ./v10.00_solana_autonomous_all_in_one.py
   -> OK
 [PYTHON] Checking: ./next_step_synergy.py
   -> OK
 [PYTHON] Checking: ./v01.11.01_autonomous_all_in_one.py
   -> OK
 [C] Checking: ./c_service/main.c
./c_service/main.c:1:10: fatal error: microhttpd.h: No such file or directory
    1 | #include <microhttpd.h>
      |          ^~~~~~~~~~~~~~
compilation terminated.
   -> ERROR (see log for details)
 [RUST] Checking: ./rust_service/src/main.rs
error[E0433]: failed to resolve: use of undeclared crate or module `hyper`
 --> ./rust_service/src/main.rs:2:5
  |
2 | use hyper::service::{make_service_fn, service_fn};
  |     ^^^^^ use of undeclared crate or module `hyper`

error[E0432]: unresolved import `hyper`
 --> ./rust_service/src/main.rs:1:5
  |
1 | use hyper::{Body, Request, Response, Server};
  |     ^^^^^ use of undeclared crate or module `hyper`

error[E0433]: failed to resolve: use of undeclared crate or module `tokio`
  --> ./rust_service/src/main.rs:14:3
   |
14 | #[tokio::main]
   |   ^^^^^ use of undeclared crate or module `tokio`

error[E0752]: `main` function is not allowed to be `async`
  --> ./rust_service/src/main.rs:15:1
   |
15 | async fn main() -> Result<(), Box<dyn std::error::Error>> {
   | ^^^^^^^^^^^^^^^^^^^^^^^^^^^^^^^^^^^^^^^^^^^^^^^^^^^^^^^^^ `main` function is not allowed to be `async`

error: aborting due to 4 previous errors

Some errors have detailed explanations: E0432, E0433, E0752.
For more information about an error, try `rustc --explain E0432`.
   -> ERROR (see log for details)
 [PYTHON] Checking: ./rustscan_llm.py
   -> OK
 [PYTHON] Checking: ./setup_vots.py
   -> OK

Analysis completed at Tue Jan 14 10:32:29 EST 2025
